{"contracts/EthPool.sol":{"l":{"66":9,"73":3,"74":2,"81":2,"82":2,"83":2,"85":2,"92":4,"94":4,"95":4,"97":4,"102":1,"103":1,"106":1,"107":1,"110":4,"119":16,"120":16,"121":16,"122":16,"124":16,"127":12,"132":16,"133":12,"136":16,"137":4,"149":12,"158":12,"159":12,"167":4,"169":4,"170":4,"172":4,"173":4,"174":4,"175":4,"177":4,"178":4,"181":4},"path":"/mnt/d/Reference/bc/projects/exactly-finance/contracts/EthPool.sol","s":{"1":9,"2":3,"3":2,"4":2,"5":2,"6":2,"7":4,"8":4,"9":4,"10":4,"11":1,"12":1,"13":1,"14":1,"15":4,"16":16,"17":16,"18":16,"19":16,"20":16,"21":12,"22":16,"23":12,"24":16,"25":4,"26":12,"27":12,"28":12,"29":4,"30":4,"31":4,"32":4,"33":4,"34":4,"35":4,"36":4,"37":4,"38":4},"b":{"1":[2,1],"2":[1,3],"3":[1,0],"4":[12,4],"5":[12,4],"6":[4,12],"7":[4,0],"8":[4,0]},"f":{"1":9,"2":3,"3":2,"4":4,"5":16,"6":12,"7":4},"fnMap":{"1":{"name":"constructor","line":65,"loc":{"start":{"line":65,"column":2},"end":{"line":67,"column":2}}},"2":{"name":"onlyTeamMember","line":72,"loc":{"start":{"line":72,"column":2},"end":{"line":75,"column":2}}},"3":{"name":"depositRewards","line":80,"loc":{"start":{"line":80,"column":2},"end":{"line":86,"column":2}}},"4":{"name":"deposit","line":91,"loc":{"start":{"line":91,"column":2},"end":{"line":111,"column":2}}},"5":{"name":"rewardBalanceOf","line":118,"loc":{"start":{"line":118,"column":2},"end":{"line":150,"column":2}}},"6":{"name":"withdrawBalanceOf","line":157,"loc":{"start":{"line":157,"column":2},"end":{"line":160,"column":2}}},"7":{"name":"withdraw","line":166,"loc":{"start":{"line":166,"column":2},"end":{"line":182,"column":2}}}},"statementMap":{"1":{"start":{"line":66,"column":4},"end":{"line":66,"column":36}},"2":{"start":{"line":73,"column":4},"end":{"line":73,"column":61}},"3":{"start":{"line":81,"column":4},"end":{"line":81,"column":23}},"4":{"start":{"line":82,"column":4},"end":{"line":82,"column":46}},"5":{"start":{"line":83,"column":4},"end":{"line":83,"column":33}},"6":{"start":{"line":85,"column":4},"end":{"line":85,"column":47}},"7":{"start":{"line":92,"column":4},"end":{"line":92,"column":53}},"8":{"start":{"line":94,"column":4},"end":{"line":94,"column":28}},"9":{"start":{"line":95,"column":4},"end":{"line":95,"column":37}},"10":{"start":{"line":97,"column":4},"end":{"line":97,"column":2892}},"11":{"start":{"line":102,"column":6},"end":{"line":102,"column":3121}},"12":{"start":{"line":103,"column":8},"end":{"line":103,"column":42}},"13":{"start":{"line":106,"column":6},"end":{"line":106,"column":49}},"14":{"start":{"line":107,"column":6},"end":{"line":107,"column":45}},"15":{"start":{"line":110,"column":4},"end":{"line":110,"column":41}},"16":{"start":{"line":119,"column":4},"end":{"line":119,"column":47}},"17":{"start":{"line":120,"column":4},"end":{"line":120,"column":68}},"18":{"start":{"line":121,"column":4},"end":{"line":121,"column":114}},"19":{"start":{"line":122,"column":4},"end":{"line":122,"column":23}},"20":{"start":{"line":124,"column":4},"end":{"line":124,"column":3845}},"21":{"start":{"line":127,"column":6},"end":{"line":127,"column":31}},"22":{"start":{"line":132,"column":4},"end":{"line":132,"column":4245}},"23":{"start":{"line":133,"column":6},"end":{"line":133,"column":102}},"24":{"start":{"line":136,"column":4},"end":{"line":136,"column":4413}},"25":{"start":{"line":137,"column":6},"end":{"line":137,"column":14}},"26":{"start":{"line":149,"column":4},"end":{"line":149,"column":98}},"27":{"start":{"line":158,"column":4},"end":{"line":158,"column":47}},"28":{"start":{"line":159,"column":4},"end":{"line":159,"column":93}},"29":{"start":{"line":167,"column":4},"end":{"line":167,"column":50}},"30":{"start":{"line":169,"column":4},"end":{"line":169,"column":5801}},"31":{"start":{"line":170,"column":6},"end":{"line":170,"column":55}},"32":{"start":{"line":172,"column":6},"end":{"line":172,"column":63}},"33":{"start":{"line":173,"column":6},"end":{"line":173,"column":46}},"34":{"start":{"line":174,"column":6},"end":{"line":174,"column":44}},"35":{"start":{"line":175,"column":6},"end":{"line":175,"column":75}},"36":{"start":{"line":177,"column":6},"end":{"line":177,"column":58}},"37":{"start":{"line":178,"column":6},"end":{"line":178,"column":43}},"38":{"start":{"line":181,"column":4},"end":{"line":181,"column":38}}},"branchMap":{"1":{"line":73,"type":"if","locations":[{"start":{"line":73,"column":4},"end":{"line":73,"column":4}},{"start":{"line":73,"column":4},"end":{"line":73,"column":4}}]},"2":{"line":97,"type":"if","locations":[{"start":{"line":97,"column":4},"end":{"line":97,"column":4}},{"start":{"line":97,"column":4},"end":{"line":97,"column":4}}]},"3":{"line":102,"type":"if","locations":[{"start":{"line":102,"column":6},"end":{"line":102,"column":6}},{"start":{"line":102,"column":6},"end":{"line":102,"column":6}}]},"4":{"line":124,"type":"if","locations":[{"start":{"line":124,"column":4},"end":{"line":124,"column":4}},{"start":{"line":124,"column":4},"end":{"line":124,"column":4}}]},"5":{"line":132,"type":"if","locations":[{"start":{"line":132,"column":4},"end":{"line":132,"column":4}},{"start":{"line":132,"column":4},"end":{"line":132,"column":4}}]},"6":{"line":136,"type":"if","locations":[{"start":{"line":136,"column":4},"end":{"line":136,"column":4}},{"start":{"line":136,"column":4},"end":{"line":136,"column":4}}]},"7":{"line":169,"type":"if","locations":[{"start":{"line":169,"column":4},"end":{"line":169,"column":4}},{"start":{"line":169,"column":4},"end":{"line":169,"column":4}}]},"8":{"line":178,"type":"if","locations":[{"start":{"line":178,"column":6},"end":{"line":178,"column":6}},{"start":{"line":178,"column":6},"end":{"line":178,"column":6}}]}}},"contracts/interfaces/IEthPool.sol":{"l":{},"path":"/mnt/d/Reference/bc/projects/exactly-finance/contracts/interfaces/IEthPool.sol","s":{},"b":{},"f":{},"fnMap":{},"statementMap":{},"branchMap":{}}}